Traceback (most recent call last):
  File "/home/runner/miniconda3/envs/phys139/lib/python3.10/site-packages/jupyter_cache/executors/utils.py", line 58, in single_nb_execution
    executenb(
  File "/home/runner/miniconda3/envs/phys139/lib/python3.10/site-packages/nbclient/client.py", line 1305, in execute
    return NotebookClient(nb=nb, resources=resources, km=km, **kwargs).execute()
  File "/home/runner/miniconda3/envs/phys139/lib/python3.10/site-packages/jupyter_core/utils/__init__.py", line 165, in wrapped
    return loop.run_until_complete(inner)
  File "/home/runner/miniconda3/envs/phys139/lib/python3.10/asyncio/base_events.py", line 649, in run_until_complete
    return future.result()
  File "/home/runner/miniconda3/envs/phys139/lib/python3.10/site-packages/nbclient/client.py", line 705, in async_execute
    await self.async_execute_cell(
  File "/home/runner/miniconda3/envs/phys139/lib/python3.10/site-packages/nbclient/client.py", line 1058, in async_execute_cell
    await self._check_raise_for_error(cell, cell_index, exec_reply)
  File "/home/runner/miniconda3/envs/phys139/lib/python3.10/site-packages/nbclient/client.py", line 914, in _check_raise_for_error
    raise CellExecutionError.from_cell_and_msg(cell, exec_reply_content)
nbclient.exceptions.CellExecutionError: An error occurred while executing the following cell:
------------------
from tensorflow.keras import layers

model = keras.models.Sequential(name="sequential_1")
model.add(layers.LSTM(32, return_sequences=True, input_shape=(500, 1), name="lstm_1"))
model.add(layers.LSTM(64, return_sequences=True, name="lstm_2"))
model.add(layers.LSTM(10, return_sequences=True, name="lstm_3"))
model.add(layers.Flatten(name="flatten_1"))
model.add(layers.Dropout(0.3, name="dropout_1"))
model.add(layers.Dense(1, activation="sigmoid", name="dense_1"))

model.summary()
------------------


[0;31m---------------------------------------------------------------------------[0m
[0;31mModuleNotFoundError[0m                       Traceback (most recent call last)
Cell [0;32mIn[5], line 1[0m
[0;32m----> 1[0m [38;5;28;01mfrom[39;00m [38;5;21;01mtensorflow[39;00m[38;5;21;01m.[39;00m[38;5;21;01mkeras[39;00m [38;5;28;01mimport[39;00m layers
[1;32m      3[0m model [38;5;241m=[39m keras[38;5;241m.[39mmodels[38;5;241m.[39mSequential(name[38;5;241m=[39m[38;5;124m"[39m[38;5;124msequential_1[39m[38;5;124m"[39m)
[1;32m      4[0m model[38;5;241m.[39madd(layers[38;5;241m.[39mLSTM([38;5;241m32[39m, return_sequences[38;5;241m=[39m[38;5;28;01mTrue[39;00m, input_shape[38;5;241m=[39m([38;5;241m500[39m, [38;5;241m1[39m), name[38;5;241m=[39m[38;5;124m"[39m[38;5;124mlstm_1[39m[38;5;124m"[39m))

[0;31mModuleNotFoundError[0m: No module named 'tensorflow.keras'

