Traceback (most recent call last):
  File "/home/runner/miniconda3/envs/phys139/lib/python3.10/site-packages/jupyter_cache/executors/utils.py", line 58, in single_nb_execution
    executenb(
  File "/home/runner/miniconda3/envs/phys139/lib/python3.10/site-packages/nbclient/client.py", line 1305, in execute
    return NotebookClient(nb=nb, resources=resources, km=km, **kwargs).execute()
  File "/home/runner/miniconda3/envs/phys139/lib/python3.10/site-packages/jupyter_core/utils/__init__.py", line 165, in wrapped
    return loop.run_until_complete(inner)
  File "/home/runner/miniconda3/envs/phys139/lib/python3.10/asyncio/base_events.py", line 649, in run_until_complete
    return future.result()
  File "/home/runner/miniconda3/envs/phys139/lib/python3.10/site-packages/nbclient/client.py", line 705, in async_execute
    await self.async_execute_cell(
  File "/home/runner/miniconda3/envs/phys139/lib/python3.10/site-packages/nbclient/client.py", line 1058, in async_execute_cell
    await self._check_raise_for_error(cell, cell_index, exec_reply)
  File "/home/runner/miniconda3/envs/phys139/lib/python3.10/site-packages/nbclient/client.py", line 914, in _check_raise_for_error
    raise CellExecutionError.from_cell_and_msg(cell, exec_reply_content)
nbclient.exceptions.CellExecutionError: An error occurred while executing the following cell:
------------------
from GraphDataset import GraphDataset

local = False

if local:
    file_names = ["/higgs/train/ntuple_merged_10.root"]
    file_names_test = ["/higgs/test/ntuple_merged_0.root"]
else:
    file_names = [
        "root://eospublic.cern.ch//eos/opendata/cms/datascience/HiggsToBBNtupleProducerTool/HiggsToBBNTuple_HiggsToBB_QCD_RunII_13TeV_MC/train/ntuple_merged_10.root"
    ]
    file_names_test = [
        "root://eospublic.cern.ch//eos/opendata/cms/datascience/HiggsToBBNtupleProducerTool/HiggsToBBNTuple_HiggsToBB_QCD_RunII_13TeV_MC/test/ntuple_merged_0.root"
    ]

graph_dataset = GraphDataset(
    "gdata_train", features, labels, spectators, n_events=1000, n_events_merge=1, file_names=file_names
)

test_dataset = GraphDataset(
    "gdata_test", features, labels, spectators, n_events=2000, n_events_merge=1, file_names=file_names_test
)
------------------


[0;31m---------------------------------------------------------------------------[0m
[0;31mValueError[0m                                Traceback (most recent call last)
Cell [0;32mIn[3], line 16[0m
[1;32m      9[0m     file_names [38;5;241m=[39m [
[1;32m     10[0m         [38;5;124m"[39m[38;5;124mroot://eospublic.cern.ch//eos/opendata/cms/datascience/HiggsToBBNtupleProducerTool/HiggsToBBNTuple_HiggsToBB_QCD_RunII_13TeV_MC/train/ntuple_merged_10.root[39m[38;5;124m"[39m
[1;32m     11[0m     ]
[1;32m     12[0m     file_names_test [38;5;241m=[39m [
[1;32m     13[0m         [38;5;124m"[39m[38;5;124mroot://eospublic.cern.ch//eos/opendata/cms/datascience/HiggsToBBNtupleProducerTool/HiggsToBBNTuple_HiggsToBB_QCD_RunII_13TeV_MC/test/ntuple_merged_0.root[39m[38;5;124m"[39m
[1;32m     14[0m     ]
[0;32m---> 16[0m graph_dataset [38;5;241m=[39m [43mGraphDataset[49m[43m([49m
[1;32m     17[0m [43m    [49m[38;5;124;43m"[39;49m[38;5;124;43mgdata_train[39;49m[38;5;124;43m"[39;49m[43m,[49m[43m [49m[43mfeatures[49m[43m,[49m[43m [49m[43mlabels[49m[43m,[49m[43m [49m[43mspectators[49m[43m,[49m[43m [49m[43mn_events[49m[38;5;241;43m=[39;49m[38;5;241;43m1000[39;49m[43m,[49m[43m [49m[43mn_events_merge[49m[38;5;241;43m=[39;49m[38;5;241;43m1[39;49m[43m,[49m[43m [49m[43mfile_names[49m[38;5;241;43m=[39;49m[43mfile_names[49m
[1;32m     18[0m [43m)[49m
[1;32m     20[0m test_dataset [38;5;241m=[39m GraphDataset(
[1;32m     21[0m     [38;5;124m"[39m[38;5;124mgdata_test[39m[38;5;124m"[39m, features, labels, spectators, n_events[38;5;241m=[39m[38;5;241m2000[39m, n_events_merge[38;5;241m=[39m[38;5;241m1[39m, file_names[38;5;241m=[39mfile_names_test
[1;32m     22[0m )

File [0;32m~/work/phys139_239/phys139_239/notebooks/GraphDataset.py:44[0m, in [0;36mGraphDataset.__init__[0;34m(self, root, features, labels, spectators, transform, pre_transform, n_events, n_events_merge, file_names, remove_unlabeled)[0m
[1;32m     42[0m [38;5;28mself[39m[38;5;241m.[39mfile_names [38;5;241m=[39m file_names
[1;32m     43[0m [38;5;28mself[39m[38;5;241m.[39mremove_unlabeled [38;5;241m=[39m remove_unlabeled
[0;32m---> 44[0m [38;5;28;43msuper[39;49m[43m([49m[43mGraphDataset[49m[43m,[49m[43m [49m[38;5;28;43mself[39;49m[43m)[49m[38;5;241;43m.[39;49m[38;5;21;43m__init__[39;49m[43m([49m[43mroot[49m[43m,[49m[43m [49m[43mtransform[49m[43m,[49m[43m [49m[43mpre_transform[49m[43m)[49m

File [0;32m~/miniconda3/envs/phys139/lib/python3.10/site-packages/torch_geometric/data/dataset.py:112[0m, in [0;36mDataset.__init__[0;34m(self, root, transform, pre_transform, pre_filter, log, force_reload)[0m
[1;32m    109[0m [38;5;28mself[39m[38;5;241m.[39mforce_reload [38;5;241m=[39m force_reload
[1;32m    111[0m [38;5;28;01mif[39;00m [38;5;28mself[39m[38;5;241m.[39mhas_download:
[0;32m--> 112[0m     [38;5;28;43mself[39;49m[38;5;241;43m.[39;49m[43m_download[49m[43m([49m[43m)[49m
[1;32m    114[0m [38;5;28;01mif[39;00m [38;5;28mself[39m[38;5;241m.[39mhas_process:
[1;32m    115[0m     [38;5;28mself[39m[38;5;241m.[39m_process()

File [0;32m~/miniconda3/envs/phys139/lib/python3.10/site-packages/torch_geometric/data/dataset.py:225[0m, in [0;36mDataset._download[0;34m(self)[0m
[1;32m    224[0m [38;5;28;01mdef[39;00m [38;5;21m_download[39m([38;5;28mself[39m):
[0;32m--> 225[0m     [38;5;28;01mif[39;00m [43mfiles_exist[49m[43m([49m[38;5;28;43mself[39;49m[38;5;241;43m.[39;49m[43mraw_paths[49m[43m)[49m:  [38;5;66;03m# pragma: no cover[39;00m
[1;32m    226[0m         [38;5;28;01mreturn[39;00m
[1;32m    228[0m     fs[38;5;241m.[39mmakedirs([38;5;28mself[39m[38;5;241m.[39mraw_dir, exist_ok[38;5;241m=[39m[38;5;28;01mTrue[39;00m)

File [0;32m~/miniconda3/envs/phys139/lib/python3.10/site-packages/torch_geometric/data/dataset.py:422[0m, in [0;36mfiles_exist[0;34m(files)[0m
[1;32m    419[0m [38;5;28;01mdef[39;00m [38;5;21mfiles_exist[39m(files: List[[38;5;28mstr[39m]) [38;5;241m-[39m[38;5;241m>[39m [38;5;28mbool[39m:
[1;32m    420[0m     [38;5;66;03m# NOTE: We return `False` in case `files` is empty, leading to a[39;00m
[1;32m    421[0m     [38;5;66;03m# re-processing of files on every instantiation.[39;00m
[0;32m--> 422[0m     [38;5;28;01mreturn[39;00m [38;5;28mlen[39m(files) [38;5;241m!=[39m [38;5;241m0[39m [38;5;129;01mand[39;00m [38;5;28mall[39m([fs[38;5;241m.[39mexists(f) [38;5;28;01mfor[39;00m f [38;5;129;01min[39;00m files])

File [0;32m~/miniconda3/envs/phys139/lib/python3.10/site-packages/torch_geometric/data/dataset.py:422[0m, in [0;36m<listcomp>[0;34m(.0)[0m
[1;32m    419[0m [38;5;28;01mdef[39;00m [38;5;21mfiles_exist[39m(files: List[[38;5;28mstr[39m]) [38;5;241m-[39m[38;5;241m>[39m [38;5;28mbool[39m:
[1;32m    420[0m     [38;5;66;03m# NOTE: We return `False` in case `files` is empty, leading to a[39;00m
[1;32m    421[0m     [38;5;66;03m# re-processing of files on every instantiation.[39;00m
[0;32m--> 422[0m     [38;5;28;01mreturn[39;00m [38;5;28mlen[39m(files) [38;5;241m!=[39m [38;5;241m0[39m [38;5;129;01mand[39;00m [38;5;28mall[39m([[43mfs[49m[38;5;241;43m.[39;49m[43mexists[49m[43m([49m[43mf[49m[43m)[49m [38;5;28;01mfor[39;00m f [38;5;129;01min[39;00m files])

File [0;32m~/miniconda3/envs/phys139/lib/python3.10/site-packages/torch_geometric/io/fs.py:51[0m, in [0;36mexists[0;34m(path)[0m
[1;32m     50[0m [38;5;28;01mdef[39;00m [38;5;21mexists[39m(path: [38;5;28mstr[39m) [38;5;241m-[39m[38;5;241m>[39m [38;5;28mbool[39m:
[0;32m---> 51[0m     [38;5;28;01mreturn[39;00m [43mget_fs[49m[43m([49m[43mpath[49m[43m)[49m[38;5;241m.[39mexists(path)

File [0;32m~/miniconda3/envs/phys139/lib/python3.10/site-packages/torch_geometric/io/fs.py:41[0m, in [0;36mget_fs[0;34m(path)[0m
[1;32m     15[0m [38;5;28;01mdef[39;00m [38;5;21mget_fs[39m(path: [38;5;28mstr[39m) [38;5;241m-[39m[38;5;241m>[39m fsspec[38;5;241m.[39mAbstractFileSystem:
[1;32m     16[0m [38;5;250m    [39m[38;5;124mr[39m[38;5;124;03m"""Get filesystem backend given a path URI to the resource.[39;00m
[1;32m     17[0m 
[1;32m     18[0m [38;5;124;03m    Here are some common example paths and dispatch result:[39;00m
[0;32m   (...)[0m
[1;32m     39[0m [38;5;124;03m            :obj:`"gs://home/me/file"`, :obj:`"s3://..."`.[39;00m
[1;32m     40[0m [38;5;124;03m    """[39;00m
[0;32m---> 41[0m     [38;5;28;01mreturn[39;00m [43mfsspec[49m[38;5;241;43m.[39;49m[43mcore[49m[38;5;241;43m.[39;49m[43murl_to_fs[49m[43m([49m[43mpath[49m[43m)[49m[[38;5;241m0[39m]

File [0;32m~/miniconda3/envs/phys139/lib/python3.10/site-packages/fsspec/core.py:396[0m, in [0;36murl_to_fs[0;34m(url, **kwargs)[0m
[1;32m    385[0m known_kwargs [38;5;241m=[39m {
[1;32m    386[0m     [38;5;124m"[39m[38;5;124mcompression[39m[38;5;124m"[39m,
[1;32m    387[0m     [38;5;124m"[39m[38;5;124mencoding[39m[38;5;124m"[39m,
[0;32m   (...)[0m
[1;32m    393[0m     [38;5;124m"[39m[38;5;124mnum[39m[38;5;124m"[39m,
[1;32m    394[0m }
[1;32m    395[0m kwargs [38;5;241m=[39m {k: v [38;5;28;01mfor[39;00m k, v [38;5;129;01min[39;00m kwargs[38;5;241m.[39mitems() [38;5;28;01mif[39;00m k [38;5;129;01mnot[39;00m [38;5;129;01min[39;00m known_kwargs}
[0;32m--> 396[0m chain [38;5;241m=[39m [43m_un_chain[49m[43m([49m[43murl[49m[43m,[49m[43m [49m[43mkwargs[49m[43m)[49m
[1;32m    397[0m inkwargs [38;5;241m=[39m {}
[1;32m    398[0m [38;5;66;03m# Reverse iterate the chain, creating a nested target_* structure[39;00m

File [0;32m~/miniconda3/envs/phys139/lib/python3.10/site-packages/fsspec/core.py:344[0m, in [0;36m_un_chain[0;34m(path, kwargs)[0m
[1;32m    342[0m [38;5;28;01mfor[39;00m bit [38;5;129;01min[39;00m [38;5;28mreversed[39m(bits):
[1;32m    343[0m     protocol [38;5;241m=[39m kwargs[38;5;241m.[39mpop([38;5;124m"[39m[38;5;124mprotocol[39m[38;5;124m"[39m, [38;5;28;01mNone[39;00m) [38;5;129;01mor[39;00m split_protocol(bit)[[38;5;241m0[39m] [38;5;129;01mor[39;00m [38;5;124m"[39m[38;5;124mfile[39m[38;5;124m"[39m
[0;32m--> 344[0m     [38;5;28mcls[39m [38;5;241m=[39m [43mget_filesystem_class[49m[43m([49m[43mprotocol[49m[43m)[49m
[1;32m    345[0m     extra_kwargs [38;5;241m=[39m [38;5;28mcls[39m[38;5;241m.[39m_get_kwargs_from_urls(bit)
[1;32m    346[0m     kws [38;5;241m=[39m kwargs[38;5;241m.[39mpop(protocol, {})

File [0;32m~/miniconda3/envs/phys139/lib/python3.10/site-packages/fsspec/registry.py:239[0m, in [0;36mget_filesystem_class[0;34m(protocol)[0m
[1;32m    237[0m [38;5;28;01mif[39;00m protocol [38;5;129;01mnot[39;00m [38;5;129;01min[39;00m registry:
[1;32m    238[0m     [38;5;28;01mif[39;00m protocol [38;5;129;01mnot[39;00m [38;5;129;01min[39;00m known_implementations:
[0;32m--> 239[0m         [38;5;28;01mraise[39;00m [38;5;167;01mValueError[39;00m([38;5;124mf[39m[38;5;124m"[39m[38;5;124mProtocol not known: [39m[38;5;132;01m{[39;00mprotocol[38;5;132;01m}[39;00m[38;5;124m"[39m)
[1;32m    240[0m     bit [38;5;241m=[39m known_implementations[protocol]
[1;32m    241[0m     [38;5;28;01mtry[39;00m:

[0;31mValueError[0m: Protocol not known: gdata_train/raw/root

