Traceback (most recent call last):
  File "/home/runner/miniconda3/envs/phys139/lib/python3.10/site-packages/jupyter_cache/executors/utils.py", line 58, in single_nb_execution
    executenb(
  File "/home/runner/miniconda3/envs/phys139/lib/python3.10/site-packages/nbclient/client.py", line 1305, in execute
    return NotebookClient(nb=nb, resources=resources, km=km, **kwargs).execute()
  File "/home/runner/miniconda3/envs/phys139/lib/python3.10/site-packages/jupyter_core/utils/__init__.py", line 165, in wrapped
    return loop.run_until_complete(inner)
  File "/home/runner/miniconda3/envs/phys139/lib/python3.10/asyncio/base_events.py", line 649, in run_until_complete
    return future.result()
  File "/home/runner/miniconda3/envs/phys139/lib/python3.10/site-packages/nbclient/client.py", line 705, in async_execute
    await self.async_execute_cell(
  File "/home/runner/miniconda3/envs/phys139/lib/python3.10/site-packages/nbclient/client.py", line 1058, in async_execute_cell
    await self._check_raise_for_error(cell, cell_index, exec_reply)
  File "/home/runner/miniconda3/envs/phys139/lib/python3.10/site-packages/nbclient/client.py", line 914, in _check_raise_for_error
    raise CellExecutionError.from_cell_and_msg(cell, exec_reply_content)
nbclient.exceptions.CellExecutionError: An error occurred while executing the following cell:
------------------
from tensorflow.keras.models import Model
from tensorflow.keras.layers import (
    Dense,
    Input,
    Conv2D,
    Conv2DTranspose,
    Reshape,
    Flatten,
    Softmax,
)

x_in = Input(shape=(im_size, im_size, 1))
x = Conv2D(128, kernel_size=(3, 3), strides=(2, 2), activation="relu", padding="same")(x_in)
x = Conv2D(128, kernel_size=(3, 3), strides=(2, 2), activation="relu", padding="same")(x)
x = Flatten()(x)

x_enc = Dense(2, name="bottleneck")(x)

x = Dense(int(im_size * im_size / 16) * 128, activation="relu")(x_enc)
x = Reshape((int(im_size / 4), int(im_size / 4), 128))(x)
x = Conv2DTranspose(128, kernel_size=(3, 3), strides=(2, 2), activation="relu", padding="same")(x)
x = Conv2DTranspose(1, kernel_size=(3, 3), strides=(2, 2), activation="linear", padding="same")(x)
x_out = Softmax(name="softmax", axis=[-2, -3])(x)
model = Model(inputs=x_in, outputs=x_out, name="autoencoder")

model.compile(loss="mse", optimizer="adam")
model.summary()

# save the encoder-only model for easy access to latent space
encoder = Model(inputs=x_in, outputs=x_enc, name="encoder")
------------------

----- stderr -----
2024-06-05 04:35:03.871528: I tensorflow/core/platform/cpu_feature_guard.cc:210] This TensorFlow binary is optimized to use available CPU instructions in performance-critical operations.
To enable the following instructions: SSE4.1 SSE4.2 AVX AVX2 FMA, in other operations, rebuild TensorFlow with the appropriate compiler flags.
------------------

[0;31m---------------------------------------------------------------------------[0m
[0;31mModuleNotFoundError[0m                       Traceback (most recent call last)
Cell [0;32mIn[9], line 1[0m
[0;32m----> 1[0m [38;5;28;01mfrom[39;00m [38;5;21;01mtensorflow[39;00m[38;5;21;01m.[39;00m[38;5;21;01mkeras[39;00m[38;5;21;01m.[39;00m[38;5;21;01mmodels[39;00m [38;5;28;01mimport[39;00m Model
[1;32m      2[0m [38;5;28;01mfrom[39;00m [38;5;21;01mtensorflow[39;00m[38;5;21;01m.[39;00m[38;5;21;01mkeras[39;00m[38;5;21;01m.[39;00m[38;5;21;01mlayers[39;00m [38;5;28;01mimport[39;00m (
[1;32m      3[0m     Dense,
[1;32m      4[0m     Input,
[0;32m   (...)[0m
[1;32m      9[0m     Softmax,
[1;32m     10[0m )
[1;32m     12[0m x_in [38;5;241m=[39m Input(shape[38;5;241m=[39m(im_size, im_size, [38;5;241m1[39m))

[0;31mModuleNotFoundError[0m: No module named 'tensorflow.keras'

