Traceback (most recent call last):
  File "/usr/share/miniconda/envs/phys139/lib/python3.9/site-packages/jupyter_cache/executors/utils.py", line 58, in single_nb_execution
    executenb(
  File "/usr/share/miniconda/envs/phys139/lib/python3.9/site-packages/nbclient/client.py", line 1204, in execute
    return NotebookClient(nb=nb, resources=resources, km=km, **kwargs).execute()
  File "/usr/share/miniconda/envs/phys139/lib/python3.9/site-packages/nbclient/util.py", line 84, in wrapped
    return just_run(coro(*args, **kwargs))
  File "/usr/share/miniconda/envs/phys139/lib/python3.9/site-packages/nbclient/util.py", line 62, in just_run
    return loop.run_until_complete(coro)
  File "/usr/share/miniconda/envs/phys139/lib/python3.9/asyncio/base_events.py", line 647, in run_until_complete
    return future.result()
  File "/usr/share/miniconda/envs/phys139/lib/python3.9/site-packages/nbclient/client.py", line 663, in async_execute
    await self.async_execute_cell(
  File "/usr/share/miniconda/envs/phys139/lib/python3.9/site-packages/nbclient/client.py", line 965, in async_execute_cell
    await self._check_raise_for_error(cell, cell_index, exec_reply)
  File "/usr/share/miniconda/envs/phys139/lib/python3.9/site-packages/nbclient/client.py", line 862, in _check_raise_for_error
    raise CellExecutionError.from_cell_and_msg(cell, exec_reply_content)
nbclient.exceptions.CellExecutionError: An error occurred while executing the following cell:
------------------
from tensorflow_model_optimization.python.core.sparsity.keras import prune, pruning_callbacks, pruning_schedule
from tensorflow_model_optimization.sparsity.keras import strip_pruning

pruned_model = Sequential()
pruned_model.add(Dense(64, input_shape=(16,), name="fc1", kernel_initializer="lecun_uniform", kernel_regularizer=l1(0.0001)))
pruned_model.add(Activation(activation="relu", name="relu1"))
pruned_model.add(Dense(32, name="fc2", kernel_initializer="lecun_uniform", kernel_regularizer=l1(0.0001)))
pruned_model.add(Activation(activation="relu", name="relu2"))
pruned_model.add(Dense(32, name="fc3", kernel_initializer="lecun_uniform", kernel_regularizer=l1(0.0001)))
pruned_model.add(Activation(activation="relu", name="relu3"))
pruned_model.add(Dense(5, name="output", kernel_initializer="lecun_uniform", kernel_regularizer=l1(0.0001)))
pruned_model.add(Activation(activation="softmax", name="softmax"))

pruning_params = {"pruning_schedule": pruning_schedule.ConstantSparsity(0.75, begin_step=2000, frequency=100)}
pruned_model = prune.prune_low_magnitude(pruned_model, **pruning_params)
------------------

[0;31m---------------------------------------------------------------------------[0m
[0;31mModuleNotFoundError[0m                       Traceback (most recent call last)
Cell [0;32mIn[7], line 1[0m
[0;32m----> 1[0m [38;5;28;01mfrom[39;00m [38;5;21;01mtensorflow_model_optimization[39;00m[38;5;21;01m.[39;00m[38;5;21;01mpython[39;00m[38;5;21;01m.[39;00m[38;5;21;01mcore[39;00m[38;5;21;01m.[39;00m[38;5;21;01msparsity[39;00m[38;5;21;01m.[39;00m[38;5;21;01mkeras[39;00m [38;5;28;01mimport[39;00m prune, pruning_callbacks, pruning_schedule
[1;32m      2[0m [38;5;28;01mfrom[39;00m [38;5;21;01mtensorflow_model_optimization[39;00m[38;5;21;01m.[39;00m[38;5;21;01msparsity[39;00m[38;5;21;01m.[39;00m[38;5;21;01mkeras[39;00m [38;5;28;01mimport[39;00m strip_pruning
[1;32m      4[0m pruned_model [38;5;241m=[39m Sequential()

[0;31mModuleNotFoundError[0m: No module named 'tensorflow_model_optimization'
ModuleNotFoundError: No module named 'tensorflow_model_optimization'

